Mplus VERSION 8.8
MUTHEN & MUTHEN
05/10/2023   6:18 PM

INPUT INSTRUCTIONS

  TITLE:
  2-Class
  DATA:
  FILE = "C:/Users/dnajiarch/Dropbox/Dina Arch/Ing collab/analyses/mplus_enum/LSAL_data.dat"

  VARIABLE:
  NAMES = CASENUM COHORT SCHOOLID GENDER RACETH MOTHED ISCIIRT KA47A KA47H KA47I KA47K
       KA47L KA9A KA9B KA9C KA9D KA9E KA9F KA9G KA9I KA9J KA9K KB9H FEMALE URM;
   MISSING=.;
   categorical = KA47A KA47H KA47I KA47K KA47L;
  usevar = KA47A KA47H KA47I KA47K KA47L;
  classes = c(2);
  ANALYSIS:
  estimator = mlr;
      type = mixture;
      processors = 10;
  OUTPUT:
  sampstat residual tech11 tech14;



*** WARNING
  Input line exceeded 90 characters. Some input may be truncated.
  FILE = "C:/Users/dnajiarch/Dropbox/Dina Arch/Ing collab/analyses/mplus_enum/LSAL_data.dat";
*** WARNING in OUTPUT command
  SAMPSTAT option is not available when all outcomes are censored, ordered
  categorical, unordered categorical (nominal), count or continuous-time
  survival variables.  Request for SAMPSTAT is ignored.
*** WARNING
  Data set contains cases with missing on all variables.
  These cases were not included in the analysis.
  Number of cases with missing on all variables:  2581
   3 WARNING(S) FOUND IN THE INPUT INSTRUCTIONS




2-Class

SUMMARY OF ANALYSIS

Number of groups                                                 1
Number of observations                                        3364

Number of dependent variables                                    5
Number of independent variables                                  0
Number of continuous latent variables                            0
Number of categorical latent variables                           1

Observed dependent variables

  Binary and ordered categorical (ordinal)
   KA47A       KA47H       KA47I       KA47K       KA47L

Categorical latent variables
   C


Estimator                                                      MLR
Information matrix                                        OBSERVED
Optimization Specifications for the Quasi-Newton Algorithm for
Continuous Outcomes
  Maximum number of iterations                                 100
  Convergence criterion                                  0.100D-05
Optimization Specifications for the EM Algorithm
  Maximum number of iterations                                 500
  Convergence criteria
    Loglikelihood change                                 0.100D-06
    Relative loglikelihood change                        0.100D-06
    Derivative                                           0.100D-05
Optimization Specifications for the M step of the EM Algorithm for
Categorical Latent variables
  Number of M step iterations                                    1
  M step convergence criterion                           0.100D-05
  Basis for M step termination                           ITERATION
Optimization Specifications for the M step of the EM Algorithm for
Censored, Binary or Ordered Categorical (Ordinal), Unordered
Categorical (Nominal) and Count Outcomes
  Number of M step iterations                                    1
  M step convergence criterion                           0.100D-05
  Basis for M step termination                           ITERATION
  Maximum value for logit thresholds                            15
  Minimum value for logit thresholds                           -15
  Minimum expected cell size for chi-square              0.100D-01
Maximum number of iterations for H1                           2000
Convergence criterion for H1                             0.100D-03
Optimization algorithm                                         EMA
Random Starts Specifications
  Number of initial stage random starts                         20
  Number of final stage optimizations                            4
  Number of initial stage iterations                            10
  Initial stage convergence criterion                    0.100D+01
  Random starts scale                                    0.500D+01
  Random seed for generating random starts                       0
Link                                                         LOGIT

Input data file(s)
  C:/Users/dnajiarch/Dropbox/Dina Arch/Ing collab/analyses/mplus_enum/LSAL_data.
Input data format  FREE


SUMMARY OF DATA

     Number of missing data patterns            14
     Number of y missing data patterns           0
     Number of u missing data patterns          14


COVARIANCE COVERAGE OF DATA

Minimum covariance coverage value   0.100


     PROPORTION OF DATA PRESENT FOR U


           Covariance Coverage
              KA47A         KA47H         KA47I         KA47K         KA47L
              ________      ________      ________      ________      ________
 KA47A          0.998
 KA47H          0.991         0.993
 KA47I          0.989         0.985         0.990
 KA47K          0.991         0.987         0.986         0.993
 KA47L          0.996         0.991         0.989         0.992         0.997


UNIVARIATE PROPORTIONS AND COUNTS FOR CATEGORICAL VARIABLES

    KA47A
      Category 1    0.466         1564.000
      Category 2    0.534         1793.000
    KA47H
      Category 1    0.550         1837.000
      Category 2    0.450         1502.000
    KA47I
      Category 1    0.452         1507.000
      Category 2    0.548         1825.000
    KA47K
      Category 1    0.659         2200.000
      Category 2    0.341         1139.000
    KA47L
      Category 1    0.597         2003.000
      Category 2    0.403         1352.000


RANDOM STARTS RESULTS RANKED FROM THE BEST TO THE WORST LOGLIKELIHOOD VALUES

Final stage loglikelihood values at local maxima, seeds, and initial stage start numbers:

           -9009.075  107446           12
           -9009.075  637345           19
           -9009.075  462953           7
           -9009.075  903420           5



THE BEST LOGLIKELIHOOD VALUE HAS BEEN REPLICATED.  RERUN WITH AT LEAST TWICE THE
RANDOM STARTS TO CHECK THAT THE BEST LOGLIKELIHOOD IS STILL OBTAINED AND REPLICATED.


THE MODEL ESTIMATION TERMINATED NORMALLY



MODEL FIT INFORMATION

Number of Free Parameters                       11

Loglikelihood

          H0 Value                       -9009.075
          H0 Scaling Correction Factor      1.0822
            for MLR

Information Criteria

          Akaike (AIC)                   18040.150
          Bayesian (BIC)                 18107.479
          Sample-Size Adjusted BIC       18072.527
            (n* = (n + 2) / 24)

Chi-Square Test of Model Fit for the Binary and Ordered Categorical
(Ordinal) Outcomes

          Pearson Chi-Square

          Value                            621.559
          Degrees of Freedom                    20
          P-Value                           0.0000

          Likelihood Ratio Chi-Square

          Value                            339.880
          Degrees of Freedom                    20
          P-Value                           0.0000

Chi-Square Test for MCAR under the Unrestricted Latent Class Indicator Model

          Pearson Chi-Square

          Value                            107.174
          Degrees of Freedom                   109
          P-Value                           0.5315

          Likelihood Ratio Chi-Square

          Value                             80.001
          Degrees of Freedom                   109
          P-Value                           0.9832



FINAL CLASS COUNTS AND PROPORTIONS FOR THE LATENT CLASSES
BASED ON THE ESTIMATED MODEL

    Latent
   Classes

       1       1502.15526          0.44654
       2       1861.84474          0.55346


FINAL CLASS COUNTS AND PROPORTIONS FOR THE LATENT CLASSES
BASED ON ESTIMATED POSTERIOR PROBABILITIES

    Latent
   Classes

       1       1502.15526          0.44654
       2       1861.84474          0.55346


FINAL CLASS COUNTS AND PROPORTIONS FOR THE LATENT CLASSES
BASED ON THEIR MOST LIKELY LATENT CLASS MEMBERSHIP

Class Counts and Proportions

    Latent
   Classes

       1             1484          0.44114
       2             1880          0.55886


CLASSIFICATION QUALITY

     Entropy                         0.826


Average Latent Class Probabilities for Most Likely Latent Class Membership (Row)
by Latent Class (Column)

           1        2

    1   0.956    0.044
    2   0.044    0.956


Classification Probabilities for the Most Likely Latent Class Membership (Column)
by Latent Class (Row)

           1        2

    1   0.945    0.055
    2   0.035    0.965


Logits for the Classification Probabilities for the Most Likely Latent Class Membership (Column)
by Latent Class (Row)

              1        2

    1      2.838    0.000
    2     -3.321    0.000


MODEL RESULTS

                                                    Two-Tailed
                    Estimate       S.E.  Est./S.E.    P-Value

Latent Class 1

 Thresholds
    KA47A$1           -1.743      0.092    -18.972      0.000
    KA47H$1           -1.732      0.100    -17.279      0.000
    KA47I$1           -2.251      0.124    -18.138      0.000
    KA47K$1           -0.824      0.080    -10.334      0.000
    KA47L$1           -1.466      0.102    -14.305      0.000

Latent Class 2

 Thresholds
    KA47A$1            0.953      0.063     15.141      0.000
    KA47H$1            1.933      0.107     18.003      0.000
    KA47I$1            1.047      0.072     14.624      0.000
    KA47K$1            2.851      0.140     20.375      0.000
    KA47L$1            2.549      0.136     18.743      0.000

Categorical Latent Variables

 Means
    C#1               -0.215      0.051     -4.209      0.000


QUALITY OF NUMERICAL RESULTS

     Condition Number for the Information Matrix              0.514E-01
       (ratio of smallest to largest eigenvalue)


RESULTS IN PROBABILITY SCALE

                                                    Two-Tailed
                    Estimate       S.E.  Est./S.E.    P-Value

Latent Class 1

 KA47A
    Category 1         0.149      0.012     12.785      0.000
    Category 2         0.851      0.012     73.093      0.000
 KA47H
    Category 1         0.150      0.013     11.740      0.000
    Category 2         0.850      0.013     66.364      0.000
 KA47I
    Category 1         0.095      0.011      8.907      0.000
    Category 2         0.905      0.011     84.573      0.000
 KA47K
    Category 1         0.305      0.017     18.032      0.000
    Category 2         0.695      0.017     41.122      0.000
 KA47L
    Category 1         0.188      0.016     12.011      0.000
    Category 2         0.812      0.016     52.029      0.000

Latent Class 2

 KA47A
    Category 1         0.722      0.013     57.092      0.000
    Category 2         0.278      0.013     22.014      0.000
 KA47H
    Category 1         0.874      0.012     73.684      0.000
    Category 2         0.126      0.012     10.658      0.000
 KA47I
    Category 1         0.740      0.014     53.759      0.000
    Category 2         0.260      0.014     18.865      0.000
 KA47K
    Category 1         0.945      0.007    130.837      0.000
    Category 2         0.055      0.007      7.559      0.000
 KA47L
    Category 1         0.927      0.009    101.421      0.000
    Category 2         0.073      0.009      7.929      0.000


LATENT CLASS INDICATOR ODDS RATIOS FOR THE LATENT CLASSES

                                                95% C.I.
                    Estimate       S.E.  Lower 2.5% Upper 2.5%

Latent Class 1 Compared to Latent Class 2

 KA47A
    Category > 1      14.827      1.523     12.124     18.133
 KA47H
    Category > 1      39.082      5.097     30.266     50.466
 KA47I
    Category > 1      27.057      3.608     20.834     35.139
 KA47K
    Category > 1      39.474      5.809     29.584     52.671
 KA47L
    Category > 1      55.413      8.376     41.205     74.521


RESIDUAL OUTPUT


     RESIDUAL OUTPUT IS NOT AVAILABLE FOR THIS MODEL.  ADDITIONAL OUTPUT FOR
     CATEGORICAL, COUNT, AND NOMINAL VARIABLES MAY BE AVAILABLE USING TECH10.


TECHNICAL 11 OUTPUT

     Random Starts Specifications for the k-1 Class Analysis Model
        Number of initial stage random starts                  20
        Number of final stage optimizations                     4



     VUONG-LO-MENDELL-RUBIN LIKELIHOOD RATIO TEST FOR 1 (H0) VERSUS 2 CLASSES

          H0 Loglikelihood Value                       -11315.867
          2 Times the Loglikelihood Difference           4613.585
          Difference in the Number of Parameters                6
          Mean                                              4.810
          Standard Deviation                               12.828
          P-Value                                          0.0000

     LO-MENDELL-RUBIN ADJUSTED LRT TEST

          Value                                          4520.804
          P-Value                                          0.0000


TECHNICAL 14 OUTPUT

     Random Starts Specifications for the k-1 Class Analysis Model
        Number of initial stage random starts                  20
        Number of final stage optimizations                     4

     Random Starts Specification for the k-1 Class Model for Generated Data
        Number of initial stage random starts                   0
        Number of final stage optimizations for the
           initial stage random starts                          0
     Random Starts Specification for the k Class Model for Generated Data
        Number of initial stage random starts                  40
        Number of final stage optimizations                     8
     Number of bootstrap draws requested                   Varies


     PARAMETRIC BOOTSTRAPPED LIKELIHOOD RATIO TEST FOR 1 (H0) VERSUS 2 CLASSES

          H0 Loglikelihood Value                       -11315.867
          2 Times the Loglikelihood Difference           4613.585
          Difference in the Number of Parameters                6
          Approximate P-Value                              0.0000
          Successful Bootstrap Draws                            5


     Beginning Time:  18:18:22
        Ending Time:  18:18:24
       Elapsed Time:  00:00:02



MUTHEN & MUTHEN
3463 Stoner Ave.
Los Angeles, CA  90066

Tel: (310) 391-9971
Fax: (310) 391-8971
Web: www.StatModel.com
Support: Support@StatModel.com

Copyright (c) 1998-2022 Muthen & Muthen
