Mplus VERSION 8.8
MUTHEN & MUTHEN
05/10/2023   6:18 PM

INPUT INSTRUCTIONS

  TITLE:
  3-Class
  DATA:
  FILE = "C:/Users/dnajiarch/Dropbox/Dina Arch/Ing collab/analyses/mplus_enum/LSAL_data.dat"

  VARIABLE:
  NAMES = CASENUM COHORT SCHOOLID GENDER RACETH MOTHED ISCIIRT KA47A KA47H KA47I KA47K
       KA47L KA9A KA9B KA9C KA9D KA9E KA9F KA9G KA9I KA9J KA9K KB9H FEMALE URM;
   MISSING=.;
   categorical = KA47A KA47H KA47I KA47K KA47L;
  usevar = KA47A KA47H KA47I KA47K KA47L;
  classes = c(3);
  ANALYSIS:
  estimator = mlr;
      type = mixture;
      processors = 10;
  OUTPUT:
  sampstat residual tech11 tech14;



*** WARNING
  Input line exceeded 90 characters. Some input may be truncated.
  FILE = "C:/Users/dnajiarch/Dropbox/Dina Arch/Ing collab/analyses/mplus_enum/LSAL_data.dat";
*** WARNING in OUTPUT command
  SAMPSTAT option is not available when all outcomes are censored, ordered
  categorical, unordered categorical (nominal), count or continuous-time
  survival variables.  Request for SAMPSTAT is ignored.
*** WARNING
  Data set contains cases with missing on all variables.
  These cases were not included in the analysis.
  Number of cases with missing on all variables:  2581
   3 WARNING(S) FOUND IN THE INPUT INSTRUCTIONS




3-Class

SUMMARY OF ANALYSIS

Number of groups                                                 1
Number of observations                                        3364

Number of dependent variables                                    5
Number of independent variables                                  0
Number of continuous latent variables                            0
Number of categorical latent variables                           1

Observed dependent variables

  Binary and ordered categorical (ordinal)
   KA47A       KA47H       KA47I       KA47K       KA47L

Categorical latent variables
   C


Estimator                                                      MLR
Information matrix                                        OBSERVED
Optimization Specifications for the Quasi-Newton Algorithm for
Continuous Outcomes
  Maximum number of iterations                                 100
  Convergence criterion                                  0.100D-05
Optimization Specifications for the EM Algorithm
  Maximum number of iterations                                 500
  Convergence criteria
    Loglikelihood change                                 0.100D-06
    Relative loglikelihood change                        0.100D-06
    Derivative                                           0.100D-05
Optimization Specifications for the M step of the EM Algorithm for
Categorical Latent variables
  Number of M step iterations                                    1
  M step convergence criterion                           0.100D-05
  Basis for M step termination                           ITERATION
Optimization Specifications for the M step of the EM Algorithm for
Censored, Binary or Ordered Categorical (Ordinal), Unordered
Categorical (Nominal) and Count Outcomes
  Number of M step iterations                                    1
  M step convergence criterion                           0.100D-05
  Basis for M step termination                           ITERATION
  Maximum value for logit thresholds                            15
  Minimum value for logit thresholds                           -15
  Minimum expected cell size for chi-square              0.100D-01
Maximum number of iterations for H1                           2000
Convergence criterion for H1                             0.100D-03
Optimization algorithm                                         EMA
Random Starts Specifications
  Number of initial stage random starts                         20
  Number of final stage optimizations                            4
  Number of initial stage iterations                            10
  Initial stage convergence criterion                    0.100D+01
  Random starts scale                                    0.500D+01
  Random seed for generating random starts                       0
Link                                                         LOGIT

Input data file(s)
  C:/Users/dnajiarch/Dropbox/Dina Arch/Ing collab/analyses/mplus_enum/LSAL_data.
Input data format  FREE


SUMMARY OF DATA

     Number of missing data patterns            14
     Number of y missing data patterns           0
     Number of u missing data patterns          14


COVARIANCE COVERAGE OF DATA

Minimum covariance coverage value   0.100


     PROPORTION OF DATA PRESENT FOR U


           Covariance Coverage
              KA47A         KA47H         KA47I         KA47K         KA47L
              ________      ________      ________      ________      ________
 KA47A          0.998
 KA47H          0.991         0.993
 KA47I          0.989         0.985         0.990
 KA47K          0.991         0.987         0.986         0.993
 KA47L          0.996         0.991         0.989         0.992         0.997


UNIVARIATE PROPORTIONS AND COUNTS FOR CATEGORICAL VARIABLES

    KA47A
      Category 1    0.466         1564.000
      Category 2    0.534         1793.000
    KA47H
      Category 1    0.550         1837.000
      Category 2    0.450         1502.000
    KA47I
      Category 1    0.452         1507.000
      Category 2    0.548         1825.000
    KA47K
      Category 1    0.659         2200.000
      Category 2    0.341         1139.000
    KA47L
      Category 1    0.597         2003.000
      Category 2    0.403         1352.000


RANDOM STARTS RESULTS RANKED FROM THE BEST TO THE WORST LOGLIKELIHOOD VALUES

Final stage loglikelihood values at local maxima, seeds, and initial stage start numbers:

           -8814.564  unperturbed      0
           -8814.564  195873           6
           -8814.564  107446           12
           -8814.564  851945           18



THE BEST LOGLIKELIHOOD VALUE HAS BEEN REPLICATED.  RERUN WITH AT LEAST TWICE THE
RANDOM STARTS TO CHECK THAT THE BEST LOGLIKELIHOOD IS STILL OBTAINED AND REPLICATED.

     IN THE OPTIMIZATION, ONE OR MORE LOGIT THRESHOLDS APPROACHED EXTREME VALUES
     OF -15.000 AND 15.000 AND WERE FIXED TO STABILIZE MODEL ESTIMATION.  THESE
     VALUES IMPLY PROBABILITIES OF 0 AND 1.  IN THE MODEL RESULTS SECTION, THESE
     PARAMETERS HAVE 0 STANDARD ERRORS AND 999 IN THE Z-SCORE AND P-VALUE COLUMNS.




THE MODEL ESTIMATION TERMINATED NORMALLY



MODEL FIT INFORMATION

Number of Free Parameters                       17

Loglikelihood

          H0 Value                       -8814.564
          H0 Scaling Correction Factor      1.0300
            for MLR

Information Criteria

          Akaike (AIC)                   17663.129
          Bayesian (BIC)                 17767.184
          Sample-Size Adjusted BIC       17713.167
            (n* = (n + 2) / 24)

Chi-Square Test of Model Fit for the Binary and Ordered Categorical
(Ordinal) Outcomes

          Pearson Chi-Square

          Value                            199.078
          Degrees of Freedom                    14
          P-Value                           0.0000

          Likelihood Ratio Chi-Square

          Value                            163.247
          Degrees of Freedom                    14
          P-Value                           0.0000

Chi-Square Test for MCAR under the Unrestricted Latent Class Indicator Model

          Pearson Chi-Square

          Value                            107.174
          Degrees of Freedom                   109
          P-Value                           0.5315

          Likelihood Ratio Chi-Square

          Value                             80.001
          Degrees of Freedom                   109
          P-Value                           0.9832



FINAL CLASS COUNTS AND PROPORTIONS FOR THE LATENT CLASSES
BASED ON THE ESTIMATED MODEL

    Latent
   Classes

       1        983.58395          0.29239
       2       1253.90698          0.37274
       3       1126.50907          0.33487


FINAL CLASS COUNTS AND PROPORTIONS FOR THE LATENT CLASSES
BASED ON ESTIMATED POSTERIOR PROBABILITIES

    Latent
   Classes

       1        983.58395          0.29239
       2       1253.90698          0.37274
       3       1126.50907          0.33487


FINAL CLASS COUNTS AND PROPORTIONS FOR THE LATENT CLASSES
BASED ON THEIR MOST LIKELY LATENT CLASS MEMBERSHIP

Class Counts and Proportions

    Latent
   Classes

       1             1030          0.30618
       2             1164          0.34602
       3             1170          0.34780


CLASSIFICATION QUALITY

     Entropy                         0.727


Average Latent Class Probabilities for Most Likely Latent Class Membership (Row)
by Latent Class (Column)

           1        2        3

    1   0.889    0.110    0.000
    2   0.058    0.853    0.089
    3   0.000    0.126    0.874


Classification Probabilities for the Most Likely Latent Class Membership (Column)
by Latent Class (Row)

           1        2        3

    1   0.931    0.069    0.000
    2   0.091    0.792    0.117
    3   0.000    0.092    0.908


Logits for the Classification Probabilities for the Most Likely Latent Class Membership (Column)
by Latent Class (Row)

              1        2        3

    1      8.958    6.349    0.000
    2     -0.256    1.911    0.000
    3     -8.343   -2.293    0.000


MODEL RESULTS

                                                    Two-Tailed
                    Estimate       S.E.  Est./S.E.    P-Value

Latent Class 1

 Thresholds
    KA47A$1           -2.206      0.131    -16.833      0.000
    KA47H$1           -2.594      0.225    -11.545      0.000
    KA47I$1           -3.219      0.318    -10.108      0.000
    KA47K$1           -1.843      0.151    -12.244      0.000
    KA47L$1           -3.339      0.424     -7.878      0.000

Latent Class 2

 Thresholds
    KA47A$1           -0.371      0.089     -4.173      0.000
    KA47H$1            0.096      0.119      0.809      0.418
    KA47I$1           -0.548      0.107     -5.139      0.000
    KA47K$1            1.263      0.130      9.724      0.000
    KA47L$1            0.740      0.119      6.240      0.000

Latent Class 3

 Thresholds
    KA47A$1            1.733      0.129     13.446      0.000
    KA47H$1           15.000      0.000    999.000    999.000
    KA47I$1            2.314      0.215     10.757      0.000
    KA47K$1            3.982      0.378     10.543      0.000
    KA47L$1            7.985     26.095      0.306      0.760

Categorical Latent Variables

 Means
    C#1               -0.136      0.083     -1.641      0.101
    C#2                0.107      0.079      1.351      0.177


QUALITY OF NUMERICAL RESULTS

     Condition Number for the Information Matrix              0.233E-05
       (ratio of smallest to largest eigenvalue)


RESULTS IN PROBABILITY SCALE

                                                    Two-Tailed
                    Estimate       S.E.  Est./S.E.    P-Value

Latent Class 1

 KA47A
    Category 1         0.099      0.012      8.471      0.000
    Category 2         0.901      0.012     76.910      0.000
 KA47H
    Category 1         0.070      0.015      4.784      0.000
    Category 2         0.930      0.015     64.009      0.000
 KA47I
    Category 1         0.038      0.012      3.266      0.001
    Category 2         0.962      0.012     81.650      0.000
 KA47K
    Category 1         0.137      0.018      7.694      0.000
    Category 2         0.863      0.018     48.606      0.000
 KA47L
    Category 1         0.034      0.014      2.443      0.015
    Category 2         0.966      0.014     68.874      0.000

Latent Class 2

 KA47A
    Category 1         0.408      0.021     19.024      0.000
    Category 2         0.592      0.021     27.563      0.000
 KA47H
    Category 1         0.524      0.030     17.707      0.000
    Category 2         0.476      0.030     16.086      0.000
 KA47I
    Category 1         0.366      0.025     14.802      0.000
    Category 2         0.634      0.025     25.601      0.000
 KA47K
    Category 1         0.780      0.022     34.925      0.000
    Category 2         0.220      0.022      9.875      0.000
 KA47L
    Category 1         0.677      0.026     26.101      0.000
    Category 2         0.323      0.026     12.449      0.000

Latent Class 3

 KA47A
    Category 1         0.850      0.016     51.654      0.000
    Category 2         0.150      0.016      9.132      0.000
 KA47H
    Category 1         1.000      0.000      0.000      1.000
    Category 2         0.000      0.000      0.000      1.000
 KA47I
    Category 1         0.910      0.018     51.661      0.000
    Category 2         0.090      0.018      5.109      0.000
 KA47K
    Category 1         0.982      0.007    144.634      0.000
    Category 2         0.018      0.007      2.697      0.007
 KA47L
    Category 1         1.000      0.009    112.577      0.000
    Category 2         0.000      0.009      0.038      0.969


LATENT CLASS INDICATOR ODDS RATIOS FOR THE LATENT CLASSES

                                                95% C.I.
                    Estimate       S.E.  Lower 2.5% Upper 2.5%

Latent Class 1 Compared to Latent Class 2

 KA47A
    Category > 1       6.267      1.000      4.584      8.567
 KA47H
    Category > 1      14.729      3.774      8.913     24.339
 KA47I
    Category > 1      14.456      5.150      7.190     29.062
 KA47K
    Category > 1      22.343      3.865     15.918     31.362
 KA47L
    Category > 1      59.112     24.347     26.368    132.516

Latent Class 1 Compared to Latent Class 3

 KA47A
    Category > 1      51.358      8.971     36.469     72.326
 KA47H
    Category > 1   *********      0.000  *********  *********
 KA47I
    Category > 1     252.835     86.106    129.702    492.866
 KA47K
    Category > 1     338.788    131.995    157.864    727.061
 KA47L
    Category > 1   82796.695  *********      0.000  *********

Latent Class 2 Compared to Latent Class 3

 KA47A
    Category > 1       8.196      1.201      6.149     10.924
 KA47H
    Category > 1   *********      0.000  *********  *********
 KA47I
    Category > 1      17.490      4.021     11.145     27.447
 KA47K
    Category > 1      15.163      6.355      6.668     34.478
 KA47L
    Category > 1    1400.676  36574.102      0.000  *********


RESIDUAL OUTPUT


     RESIDUAL OUTPUT IS NOT AVAILABLE FOR THIS MODEL.  ADDITIONAL OUTPUT FOR
     CATEGORICAL, COUNT, AND NOMINAL VARIABLES MAY BE AVAILABLE USING TECH10.


TECHNICAL 11 OUTPUT

     Random Starts Specifications for the k-1 Class Analysis Model
        Number of initial stage random starts                  20
        Number of final stage optimizations                     4



     VUONG-LO-MENDELL-RUBIN LIKELIHOOD RATIO TEST FOR 2 (H0) VERSUS 3 CLASSES

          H0 Loglikelihood Value                        -9009.075
          2 Times the Loglikelihood Difference            389.021
          Difference in the Number of Parameters                6
          Mean                                              3.704
          Standard Deviation                                7.944
          P-Value                                          0.0000

     LO-MENDELL-RUBIN ADJUSTED LRT TEST

          Value                                           381.198
          P-Value                                          0.0000


TECHNICAL 14 OUTPUT

     Random Starts Specifications for the k-1 Class Analysis Model
        Number of initial stage random starts                  20
        Number of final stage optimizations                     4

     Random Starts Specification for the k-1 Class Model for Generated Data
        Number of initial stage random starts                   0
        Number of final stage optimizations for the
           initial stage random starts                          0
     Random Starts Specification for the k Class Model for Generated Data
        Number of initial stage random starts                  40
        Number of final stage optimizations                     8
     Number of bootstrap draws requested                   Varies


     PARAMETRIC BOOTSTRAPPED LIKELIHOOD RATIO TEST FOR 2 (H0) VERSUS 3 CLASSES

          H0 Loglikelihood Value                        -9009.075
          2 Times the Loglikelihood Difference            389.021
          Difference in the Number of Parameters                6
          Approximate P-Value                              0.0000
          Successful Bootstrap Draws                            5


     Beginning Time:  18:18:25
        Ending Time:  18:18:27
       Elapsed Time:  00:00:02



MUTHEN & MUTHEN
3463 Stoner Ave.
Los Angeles, CA  90066

Tel: (310) 391-9971
Fax: (310) 391-8971
Web: www.StatModel.com
Support: Support@StatModel.com

Copyright (c) 1998-2022 Muthen & Muthen
