Mplus VERSION 8.8
MUTHEN & MUTHEN
05/10/2023   6:18 PM

INPUT INSTRUCTIONS

  TITLE:
  5-Class
  DATA:
  FILE = "C:/Users/dnajiarch/Dropbox/Dina Arch/Ing collab/analyses/mplus_enum/LSAL_data.dat"

  VARIABLE:
  NAMES = CASENUM COHORT SCHOOLID GENDER RACETH MOTHED ISCIIRT KA47A KA47H KA47I KA47K
       KA47L KA9A KA9B KA9C KA9D KA9E KA9F KA9G KA9I KA9J KA9K KB9H FEMALE URM;
   MISSING=.;
   categorical = KA47A KA47H KA47I KA47K KA47L;
  usevar = KA47A KA47H KA47I KA47K KA47L;
  classes = c(5);
  ANALYSIS:
  estimator = mlr;
      type = mixture;
      processors = 10;
  OUTPUT:
  sampstat residual tech11 tech14;



*** WARNING
  Input line exceeded 90 characters. Some input may be truncated.
  FILE = "C:/Users/dnajiarch/Dropbox/Dina Arch/Ing collab/analyses/mplus_enum/LSAL_data.dat";
*** WARNING in OUTPUT command
  SAMPSTAT option is not available when all outcomes are censored, ordered
  categorical, unordered categorical (nominal), count or continuous-time
  survival variables.  Request for SAMPSTAT is ignored.
*** WARNING
  Data set contains cases with missing on all variables.
  These cases were not included in the analysis.
  Number of cases with missing on all variables:  2581
   3 WARNING(S) FOUND IN THE INPUT INSTRUCTIONS




5-Class

SUMMARY OF ANALYSIS

Number of groups                                                 1
Number of observations                                        3364

Number of dependent variables                                    5
Number of independent variables                                  0
Number of continuous latent variables                            0
Number of categorical latent variables                           1

Observed dependent variables

  Binary and ordered categorical (ordinal)
   KA47A       KA47H       KA47I       KA47K       KA47L

Categorical latent variables
   C


Estimator                                                      MLR
Information matrix                                        OBSERVED
Optimization Specifications for the Quasi-Newton Algorithm for
Continuous Outcomes
  Maximum number of iterations                                 100
  Convergence criterion                                  0.100D-05
Optimization Specifications for the EM Algorithm
  Maximum number of iterations                                 500
  Convergence criteria
    Loglikelihood change                                 0.100D-06
    Relative loglikelihood change                        0.100D-06
    Derivative                                           0.100D-05
Optimization Specifications for the M step of the EM Algorithm for
Categorical Latent variables
  Number of M step iterations                                    1
  M step convergence criterion                           0.100D-05
  Basis for M step termination                           ITERATION
Optimization Specifications for the M step of the EM Algorithm for
Censored, Binary or Ordered Categorical (Ordinal), Unordered
Categorical (Nominal) and Count Outcomes
  Number of M step iterations                                    1
  M step convergence criterion                           0.100D-05
  Basis for M step termination                           ITERATION
  Maximum value for logit thresholds                            15
  Minimum value for logit thresholds                           -15
  Minimum expected cell size for chi-square              0.100D-01
Maximum number of iterations for H1                           2000
Convergence criterion for H1                             0.100D-03
Optimization algorithm                                         EMA
Random Starts Specifications
  Number of initial stage random starts                         20
  Number of final stage optimizations                            4
  Number of initial stage iterations                            10
  Initial stage convergence criterion                    0.100D+01
  Random starts scale                                    0.500D+01
  Random seed for generating random starts                       0
Link                                                         LOGIT

Input data file(s)
  C:/Users/dnajiarch/Dropbox/Dina Arch/Ing collab/analyses/mplus_enum/LSAL_data.
Input data format  FREE


SUMMARY OF DATA

     Number of missing data patterns            14
     Number of y missing data patterns           0
     Number of u missing data patterns          14


COVARIANCE COVERAGE OF DATA

Minimum covariance coverage value   0.100


     PROPORTION OF DATA PRESENT FOR U


           Covariance Coverage
              KA47A         KA47H         KA47I         KA47K         KA47L
              ________      ________      ________      ________      ________
 KA47A          0.998
 KA47H          0.991         0.993
 KA47I          0.989         0.985         0.990
 KA47K          0.991         0.987         0.986         0.993
 KA47L          0.996         0.991         0.989         0.992         0.997


UNIVARIATE PROPORTIONS AND COUNTS FOR CATEGORICAL VARIABLES

    KA47A
      Category 1    0.466         1564.000
      Category 2    0.534         1793.000
    KA47H
      Category 1    0.550         1837.000
      Category 2    0.450         1502.000
    KA47I
      Category 1    0.452         1507.000
      Category 2    0.548         1825.000
    KA47K
      Category 1    0.659         2200.000
      Category 2    0.341         1139.000
    KA47L
      Category 1    0.597         2003.000
      Category 2    0.403         1352.000


RANDOM STARTS RESULTS RANKED FROM THE BEST TO THE WORST LOGLIKELIHOOD VALUES

Final stage loglikelihood values at local maxima, seeds, and initial stage start numbers:

           -8734.824  573096           20
           -8734.824  462953           7
           -8735.577  903420           5
           -8736.980  399671           13



THE BEST LOGLIKELIHOOD VALUE HAS BEEN REPLICATED.  RERUN WITH AT LEAST TWICE THE
RANDOM STARTS TO CHECK THAT THE BEST LOGLIKELIHOOD IS STILL OBTAINED AND REPLICATED.

     IN THE OPTIMIZATION, ONE OR MORE LOGIT THRESHOLDS APPROACHED EXTREME VALUES
     OF -15.000 AND 15.000 AND WERE FIXED TO STABILIZE MODEL ESTIMATION.  THESE
     VALUES IMPLY PROBABILITIES OF 0 AND 1.  IN THE MODEL RESULTS SECTION, THESE
     PARAMETERS HAVE 0 STANDARD ERRORS AND 999 IN THE Z-SCORE AND P-VALUE COLUMNS.

     THE STANDARD ERRORS OF THE MODEL PARAMETER ESTIMATES MAY NOT BE
     TRUSTWORTHY FOR SOME PARAMETERS DUE TO A NON-POSITIVE DEFINITE
     FIRST-ORDER DERIVATIVE PRODUCT MATRIX.  THIS MAY BE DUE TO THE STARTING
     VALUES BUT MAY ALSO BE AN INDICATION OF MODEL NONIDENTIFICATION.  THE
     CONDITION NUMBER IS       0.584D-15.  PROBLEM INVOLVING THE FOLLOWING PARAMETER:
     Parameter 6, %C#2%: [ KA47A$1 ]




THE MODEL ESTIMATION TERMINATED NORMALLY



MODEL FIT INFORMATION

Number of Free Parameters                       29

Loglikelihood

          H0 Value                       -8734.824
          H0 Scaling Correction Factor      0.9676
            for MLR

Information Criteria

          Akaike (AIC)                   17527.647
          Bayesian (BIC)                 17705.153
          Sample-Size Adjusted BIC       17613.007
            (n* = (n + 2) / 24)

Chi-Square Test of Model Fit for the Binary and Ordered Categorical
(Ordinal) Outcomes

          Pearson Chi-Square

          Value                              4.025
          Degrees of Freedom                     2
          P-Value                           0.1336

          Likelihood Ratio Chi-Square

          Value                              3.765
          Degrees of Freedom                     2
          P-Value                           0.1522

Chi-Square Test for MCAR under the Unrestricted Latent Class Indicator Model

          Pearson Chi-Square

          Value                            107.174
          Degrees of Freedom                   109
          P-Value                           0.5315

          Likelihood Ratio Chi-Square

          Value                             80.001
          Degrees of Freedom                   109
          P-Value                           0.9832



FINAL CLASS COUNTS AND PROPORTIONS FOR THE LATENT CLASSES
BASED ON THE ESTIMATED MODEL

    Latent
   Classes

       1        185.06101          0.05501
       2        187.71456          0.05580
       3        751.15938          0.22329
       4       1209.47628          0.35954
       5       1030.58876          0.30636


FINAL CLASS COUNTS AND PROPORTIONS FOR THE LATENT CLASSES
BASED ON ESTIMATED POSTERIOR PROBABILITIES

    Latent
   Classes

       1        185.06101          0.05501
       2        187.71456          0.05580
       3        751.15938          0.22329
       4       1209.47628          0.35954
       5       1030.58876          0.30636


FINAL CLASS COUNTS AND PROPORTIONS FOR THE LATENT CLASSES
BASED ON THEIR MOST LIKELY LATENT CLASS MEMBERSHIP

Class Counts and Proportions

    Latent
   Classes

       1              170          0.05054
       2              113          0.03359
       3              639          0.18995
       4             1343          0.39923
       5             1099          0.32669


CLASSIFICATION QUALITY

     Entropy                         0.761


Average Latent Class Probabilities for Most Likely Latent Class Membership (Row)
by Latent Class (Column)

           1        2        3        4        5

    1   0.776    0.053    0.149    0.000    0.022
    2   0.000    0.636    0.297    0.023    0.044
    3   0.036    0.085    0.776    0.040    0.063
    4   0.000    0.036    0.084    0.879    0.000
    5   0.027    0.003    0.076    0.000    0.893


Classification Probabilities for the Most Likely Latent Class Membership (Column)
by Latent Class (Row)

           1        2        3        4        5

    1   0.713    0.000    0.123    0.002    0.162
    2   0.048    0.383    0.290    0.260    0.020
    3   0.034    0.045    0.660    0.150    0.111
    4   0.000    0.002    0.021    0.976    0.000
    5   0.004    0.005    0.039    0.000    0.952


Logits for the Classification Probabilities for the Most Likely Latent Class Membership (Column)
by Latent Class (Row)

              1        2        3        4        5

    1      1.482  -11.995   -0.273   -4.477    0.000
    2      0.891    2.966    2.688    2.580    0.000
    3     -1.195   -0.909    1.782    0.302    0.000
    4     -5.516    2.162    4.450    8.275    0.000
    5     -5.552   -5.288   -3.199   -8.434    0.000


MODEL RESULTS

                                                    Two-Tailed
                    Estimate       S.E.  Est./S.E.    P-Value

Latent Class 1

 Thresholds
    KA47A$1           -0.640      0.232     -2.756      0.006
    KA47H$1            1.207      0.590      2.045      0.041
    KA47I$1            1.729      1.410      1.226      0.220
    KA47K$1           -0.103      0.240     -0.430      0.667
    KA47L$1          -15.000      0.000    999.000    999.000

Latent Class 2

 Thresholds
    KA47A$1           14.880      3.245      4.585      0.000
    KA47H$1           -0.627      0.594     -1.056      0.291
    KA47I$1           -0.329      0.462     -0.712      0.476
    KA47K$1            0.927      0.482      1.925      0.054
    KA47L$1            2.046      1.330      1.538      0.124

Latent Class 3

 Thresholds
    KA47A$1           -0.982      0.664     -1.478      0.139
    KA47H$1           -0.076      0.145     -0.526      0.599
    KA47I$1           -1.191      0.171     -6.948      0.000
    KA47K$1            1.970      0.256      7.685      0.000
    KA47L$1            1.217      0.346      3.519      0.000

Latent Class 4

 Thresholds
    KA47A$1            1.554      0.103     15.058      0.000
    KA47H$1           15.000      0.000    999.000    999.000
    KA47I$1            2.194      0.265      8.291      0.000
    KA47K$1            3.581      0.283     12.653      0.000
    KA47L$1           15.000      0.000    999.000    999.000

Latent Class 5

 Thresholds
    KA47A$1           -2.101      0.129    -16.308      0.000
    KA47H$1           -2.563      0.275     -9.332      0.000
    KA47I$1           -3.754      0.632     -5.941      0.000
    KA47K$1           -1.698      0.169    -10.030      0.000
    KA47L$1           -2.905      0.285    -10.209      0.000

Categorical Latent Variables

 Means
    C#1               -1.717      0.365     -4.706      0.000
    C#2               -1.703      0.689     -2.470      0.014
    C#3               -0.316      0.187     -1.694      0.090
    C#4                0.160      0.079      2.032      0.042


QUALITY OF NUMERICAL RESULTS

     Condition Number for the Information Matrix              0.584E-15
       (ratio of smallest to largest eigenvalue)


RESULTS IN PROBABILITY SCALE

                                                    Two-Tailed
                    Estimate       S.E.  Est./S.E.    P-Value

Latent Class 1

 KA47A
    Category 1         0.345      0.052      6.583      0.000
    Category 2         0.655      0.052     12.479      0.000
 KA47H
    Category 1         0.770      0.105      7.359      0.000
    Category 2         0.230      0.105      2.202      0.028
 KA47I
    Category 1         0.849      0.180      4.706      0.000
    Category 2         0.151      0.180      0.835      0.404
 KA47K
    Category 1         0.474      0.060      7.936      0.000
    Category 2         0.526      0.060      8.797      0.000
 KA47L
    Category 1         0.000      0.000      0.000      1.000
    Category 2         1.000      0.000      0.000      1.000

Latent Class 2

 KA47A
    Category 1         1.000      0.000  *********      0.000
    Category 2         0.000      0.000      0.308      0.758
 KA47H
    Category 1         0.348      0.135      2.583      0.010
    Category 2         0.652      0.135      4.835      0.000
 KA47I
    Category 1         0.418      0.112      3.720      0.000
    Category 2         0.582      0.112      5.171      0.000
 KA47K
    Category 1         0.716      0.098      7.325      0.000
    Category 2         0.284      0.098      2.899      0.004
 KA47L
    Category 1         0.886      0.135      6.569      0.000
    Category 2         0.114      0.135      0.849      0.396

Latent Class 3

 KA47A
    Category 1         0.272      0.132      2.068      0.039
    Category 2         0.728      0.132      5.524      0.000
 KA47H
    Category 1         0.481      0.036     13.319      0.000
    Category 2         0.519      0.036     14.373      0.000
 KA47I
    Category 1         0.233      0.031      7.608      0.000
    Category 2         0.767      0.031     25.029      0.000
 KA47K
    Category 1         0.878      0.028     31.871      0.000
    Category 2         0.122      0.028      4.446      0.000
 KA47L
    Category 1         0.772      0.061     12.658      0.000
    Category 2         0.228      0.061      3.749      0.000

Latent Class 4

 KA47A
    Category 1         0.825      0.015     55.524      0.000
    Category 2         0.175      0.015     11.738      0.000
 KA47H
    Category 1         1.000      0.000      0.000      1.000
    Category 2         0.000      0.000      0.000      1.000
 KA47I
    Category 1         0.900      0.024     37.679      0.000
    Category 2         0.100      0.024      4.200      0.000
 KA47K
    Category 1         0.973      0.007    130.410      0.000
    Category 2         0.027      0.007      3.632      0.000
 KA47L
    Category 1         1.000      0.000      0.000      1.000
    Category 2         0.000      0.000      0.000      1.000

Latent Class 5

 KA47A
    Category 1         0.109      0.013      8.712      0.000
    Category 2         0.891      0.013     71.209      0.000
 KA47H
    Category 1         0.072      0.018      3.921      0.000
    Category 2         0.928      0.018     50.882      0.000
 KA47I
    Category 1         0.023      0.014      1.619      0.105
    Category 2         0.977      0.014     69.163      0.000
 KA47K
    Category 1         0.155      0.022      6.988      0.000
    Category 2         0.845      0.022     38.180      0.000
 KA47L
    Category 1         0.052      0.014      3.706      0.000
    Category 2         0.948      0.014     67.719      0.000


LATENT CLASS INDICATOR ODDS RATIOS FOR THE LATENT CLASSES

                                                95% C.I.
                    Estimate       S.E.  Lower 2.5% Upper 2.5%

Latent Class 1 Compared to Latent Class 2

 KA47A
    Category > 1   *********  *********   5679.687  *********
 KA47H
    Category > 1       0.160      0.134      0.031      0.827
 KA47I
    Category > 1       0.128      0.185      0.007      2.179
 KA47K
    Category > 1       2.801      1.563      0.938      8.363
 KA47L
    Category > 1   *********      0.000  *********  *********

Latent Class 1 Compared to Latent Class 3

 KA47A
    Category > 1       0.710      0.495      0.181      2.787
 KA47H
    Category > 1       0.277      0.175      0.081      0.954
 KA47I
    Category > 1       0.054      0.076      0.003      0.843
 KA47K
    Category > 1       7.946      2.957      3.832     16.476
 KA47L
    Category > 1   *********      0.000  *********  *********

Latent Class 1 Compared to Latent Class 4

 KA47A
    Category > 1       8.966      2.235      5.501     14.615
 KA47H
    Category > 1   *********      0.000  *********  *********
 KA47I
    Category > 1       1.592      2.216      0.104     24.375
 KA47K
    Category > 1      39.803     14.847     19.160     82.684
 KA47L
    Category > 1   *********      0.000  *********  *********

Latent Class 1 Compared to Latent Class 5

 KA47A
    Category > 1       0.232      0.059      0.141      0.382
 KA47H
    Category > 1       0.023      0.014      0.007      0.077
 KA47I
    Category > 1       0.004      0.006      0.000      0.068
 KA47K
    Category > 1       0.203      0.049      0.126      0.327
 KA47L
    Category > 1   *********      0.000  *********  *********

Latent Class 2 Compared to Latent Class 3

 KA47A
    Category > 1       0.000      0.000      0.000      0.000
 KA47H
    Category > 1       1.735      1.054      0.527      5.707
 KA47I
    Category > 1       0.422      0.220      0.152      1.171
 KA47K
    Category > 1       2.836      1.645      0.910      8.837
 KA47L
    Category > 1       0.436      0.573      0.033      5.714

Latent Class 2 Compared to Latent Class 4

 KA47A
    Category > 1       0.000      0.000      0.000      0.001
 KA47H
    Category > 1   *********      0.000  *********  *********
 KA47I
    Category > 1      12.469      5.246      5.466     28.441
 KA47K
    Category > 1      14.209      8.339      4.498     44.888
 KA47L
    Category > 1   *********      0.000  *********  *********

Latent Class 2 Compared to Latent Class 5

 KA47A
    Category > 1       0.000      0.000      0.000      0.000
 KA47H
    Category > 1       0.144      0.089      0.043      0.486
 KA47I
    Category > 1       0.033      0.029      0.006      0.184
 KA47K
    Category > 1       0.072      0.039      0.025      0.208
 KA47L
    Category > 1       0.007      0.010      0.001      0.100

Latent Class 3 Compared to Latent Class 4

 KA47A
    Category > 1      12.634      8.449      3.406     46.856
 KA47H
    Category > 1   *********      0.000  *********  *********
 KA47I
    Category > 1      29.513      9.024     16.208     53.740
 KA47K
    Category > 1       5.009      1.940      2.345     10.702
 KA47L
    Category > 1   *********      0.000  *********  *********

Latent Class 3 Compared to Latent Class 5

 KA47A
    Category > 1       0.327      0.212      0.092      1.165
 KA47H
    Category > 1       0.083      0.024      0.047      0.148
 KA47I
    Category > 1       0.077      0.049      0.022      0.268
 KA47K
    Category > 1       0.026      0.007      0.014      0.045
 KA47L
    Category > 1       0.016      0.007      0.007      0.038

Latent Class 4 Compared to Latent Class 5

 KA47A
    Category > 1       0.026      0.004      0.019      0.036
 KA47H
    Category > 1       0.000      0.000      0.000      0.000
 KA47I
    Category > 1       0.003      0.002      0.001      0.011
 KA47K
    Category > 1       0.005      0.002      0.003      0.010
 KA47L
    Category > 1       0.000      0.000      0.000      0.000


RESIDUAL OUTPUT


     RESIDUAL OUTPUT IS NOT AVAILABLE FOR THIS MODEL.  ADDITIONAL OUTPUT FOR
     CATEGORICAL, COUNT, AND NOMINAL VARIABLES MAY BE AVAILABLE USING TECH10.


TECHNICAL 11 OUTPUT

     Random Starts Specifications for the k-1 Class Analysis Model
        Number of initial stage random starts                  20
        Number of final stage optimizations                     4



     VUONG-LO-MENDELL-RUBIN LIKELIHOOD RATIO TEST FOR 4 (H0) VERSUS 5 CLASSES

          H0 Loglikelihood Value                        -8742.238
          2 Times the Loglikelihood Difference             14.828
          Difference in the Number of Parameters                6
          Mean                                              2.722
          Standard Deviation                                4.439
          P-Value                                          0.0079

     LO-MENDELL-RUBIN ADJUSTED LRT TEST

          Value                                            14.530
          P-Value                                          0.0089


TECHNICAL 14 OUTPUT

     Random Starts Specifications for the k-1 Class Analysis Model
        Number of initial stage random starts                  20
        Number of final stage optimizations                     4

     Random Starts Specification for the k-1 Class Model for Generated Data
        Number of initial stage random starts                   0
        Number of final stage optimizations for the
           initial stage random starts                          0
     Random Starts Specification for the k Class Model for Generated Data
        Number of initial stage random starts                  40
        Number of final stage optimizations                     8
     Number of bootstrap draws requested                   Varies


     PARAMETRIC BOOTSTRAPPED LIKELIHOOD RATIO TEST FOR 4 (H0) VERSUS 5 CLASSES

          H0 Loglikelihood Value                        -8742.238
          2 Times the Loglikelihood Difference             14.828
          Difference in the Number of Parameters                6
          Approximate P-Value                              0.0000
          Successful Bootstrap Draws                           49

     WARNING:  OF THE 49 BOOTSTRAP DRAWS, 34 DRAWS HAD BOTH A SMALLER LRT VALUE THAN THE
     OBSERVED LRT VALUE AND NOT A REPLICATED BEST LOGLIKELIHOOD VALUE FOR THE 5-CLASS MODEL.
     THIS MEANS THAT THE P-VALUE MAY NOT BE TRUSTWORTHY DUE TO LOCAL MAXIMA.
     INCREASE THE NUMBER OF RANDOM STARTS USING THE LRTSTARTS OPTION.



     Beginning Time:  18:18:31
        Ending Time:  18:18:44
       Elapsed Time:  00:00:13



MUTHEN & MUTHEN
3463 Stoner Ave.
Los Angeles, CA  90066

Tel: (310) 391-9971
Fax: (310) 391-8971
Web: www.StatModel.com
Support: Support@StatModel.com

Copyright (c) 1998-2022 Muthen & Muthen
